<?xml version="1.0" encoding="UTF-8"?>
<!-- Generated by org.testng.reporters.JUnitReportReporter -->
<testsuite skipped="0" hostname="DESKTOP-MGBCG8F" name="com.testing.testshop.HomePage" tests="2" failures="0" timestamp="18 八月 2022 17:01:39 GMT" time="36.518" errors="0">
  <testcase name="shopLogin" time="4.335" classname="com.testing.testshop.HomePage"/>
  <testcase name="shopSearch" time="32.183" classname="com.testing.testshop.HomePage"/>
</testsuite> <!-- com.testing.testshop.HomePage -->
